0 info it worked if it ends with ok
1 verbose cli [ 'D:\\Program Files\\nodejs\\\\node.exe',
1 verbose cli   'D:\\Program Files\\nodejs\\node_modules\\npm\\bin\\npm-cli.js',
1 verbose cli   'publish',
1 verbose cli   'stringify.loader.js' ]
2 info using npm@3.5.2
3 info using node@v0.10.33
4 verbose publish [ 'stringify.loader.js' ]
5 silly cache add args [ 'stringify.loader.js', null ]
6 verbose cache add spec stringify.loader.js
7 silly cache add parsed spec { raw: 'stringify.loader.js',
7 silly cache add   scope: null,
7 silly cache add   name: null,
7 silly cache add   rawSpec: 'stringify.loader.js',
7 silly cache add   spec: 'C:\\Users\\chenqiang03\\Desktop\\est-loader\\stringify.loader.js',
7 silly cache add   type: 'local' }
8 silly addLocalTarball shasum (computed) bb3e2873d203f8e2b05d499ddf49486dbe10fd53
9 verbose addTmpTarball C:\Users\chenqiang03\Desktop\est-loader\stringify.loader.js not in flight; adding
10 verbose addTmpTarball validating metadata from C:\Users\chenqiang03\Desktop\est-loader\stringify.loader.js
11 verbose tar unpack C:\Users\chenqiang03\Desktop\est-loader\stringify.loader.js
12 verbose tar unpacking to C:\Users\CHENQI~1\AppData\Local\Temp\npm-11416-04523397\unpack-2bd080fa
13 silly gentlyRm C:\Users\CHENQI~1\AppData\Local\Temp\npm-11416-04523397\unpack-2bd080fa is being purged
14 verbose gentlyRm don't care about contents; nuking C:\Users\CHENQI~1\AppData\Local\Temp\npm-11416-04523397\unpack-2bd080fa
15 silly gunzTarPerm modes [ '777', '666' ]
16 error not a package C:\Users\chenqiang03\Desktop\est-loader\stringify.loader.js
17 error addLocal Could not install C:\Users\chenqiang03\Desktop\est-loader\stringify.loader.js
18 verbose stack Error: ENOENT, open 'C:\Users\CHENQI~1\AppData\Local\Temp\npm-11416-04523397\unpack-2bd080fa\package.json'
19 verbose cwd C:\Users\chenqiang03\Desktop\est-loader
20 error Windows_NT 6.1.7601
21 error argv "D:\\Program Files\\nodejs\\\\node.exe" "D:\\Program Files\\nodejs\\node_modules\\npm\\bin\\npm-cli.js" "publish" "stringify.loader.js"
22 error node v0.10.33
23 error npm  v3.5.2
24 error path C:\Users\CHENQI~1\AppData\Local\Temp\npm-11416-04523397\unpack-2bd080fa\package.json
25 error code ENOENT
26 error errno 34
27 error enoent ENOENT, open 'C:\Users\CHENQI~1\AppData\Local\Temp\npm-11416-04523397\unpack-2bd080fa\package.json'
28 error enoent ENOENT, open 'C:\Users\CHENQI~1\AppData\Local\Temp\npm-11416-04523397\unpack-2bd080fa\package.json'
28 error enoent This is most likely not a problem with npm itself
28 error enoent and is related to npm not being able to find a file.
29 verbose exit [ 34, true ]
